<?xml version="1.0" encoding="UTF-8"?>
<!-- Generated by org.testng.reporters.JUnitReportReporter -->
<testsuite skipped="0" hostname="DESKTOP-CN3CBMR" name="uiTest.Productdetailstest" tests="3" failures="0" timestamp="06 Apr 2021 15:01:56 GMT" time="67.214" errors="0">
  <testcase name="tabletdetails" time="25.100" classname="uiTest.Productdetailstest"/>
  <testcase name="spkdetails" time="20.331" classname="uiTest.Productdetailstest"/>
  <testcase name="laptopdetails" time="21.783" classname="uiTest.Productdetailstest"/>
</testsuite> <!-- uiTest.Productdetailstest -->
