<?xml version="1.0" encoding="UTF-8"?>
<!-- Generated by org.testng.reporters.JUnitReportReporter -->
<testsuite skipped="0" hostname="DESKTOP-CN3CBMR" name="uiTest.Popularitemssize" tests="1" failures="0" timestamp="01 Apr 2021 14:40:29 GMT" time="20.546" errors="0">
  <testcase name="pitemssize" time="20.546" classname="uiTest.Popularitemssize"/>
</testsuite> <!-- uiTest.Popularitemssize -->
